<?xml version="1.0" encoding="UTF-8"?>
<!-- Generated by org.testng.reporters.JUnitReportReporter -->
<testsuite skipped="0" hostname="lenovo-PC" name="com.actitime.tests.LoginPageTest" tests="1" failures="0" timestamp="28 May 2018 09:10:22 GMT" time="16.469" errors="0">
  <testcase name="loginTest" time="16.469" classname="com.actitime.tests.LoginPageTest"/>
</testsuite> <!-- com.actitime.tests.LoginPageTest -->
