<?xml version="1.0" encoding="UTF-8"?>
<!-- Generated by org.testng.reporters.JUnitReportReporter -->
<testsuite skipped="0" hostname="lenovo-PC" name="Selenium_Practice.AshotDemo" tests="1" failures="0" timestamp="06 Jun 2018 02:09:02 GMT" time="57.054" errors="0">
  <testcase name="fullScreenshotTest" time="57.054" classname="Selenium_Practice.AshotDemo"/>
</testsuite> <!-- Selenium_Practice.AshotDemo -->
